# JRE version: Java(TM) SE Runtime Environment (8.0_181-b13) (build 1.8.0_181-b13)
# Java VM: Java HotSpot(TM) 64-Bit Server VM (25.181-b13 mixed mode linux-amd64 compressed oops)
Heap:
 PSYoungGen      total 183296K, used 37682K [0x00000000ec100000, 0x00000000fb500000, 0x0000000100000000)
  eden space 143872K, 0% used [0x00000000ec100000,0x00000000ec100000,0x00000000f4d80000)
  from space 39424K, 95% used [0x00000000f4d80000,0x00000000f724c9a0,0x00000000f7400000)
  to   space 33280K, 0% used [0x00000000f7400000,0x00000000f7400000,0x00000000f9480000)
 ParOldGen       total 81920K, used 42294K [0x00000000c4200000, 0x00000000c9200000, 0x00000000ec100000)
  object space 81920K, 51% used [0x00000000c4200000,0x00000000c6b4daa8,0x00000000c9200000)
 Metaspace       used 13959K, capacity 14044K, committed 14336K, reserved 1062912K
  class space    used 1447K, capacity 1466K, committed 1536K, reserved 1048576K
GC Heap History (10 events):
Event: 3.979 GC heap after
Heap after GC invocations=5 (full 0):
 PSYoungGen      total 64000K, used 2555K [0x00000000ec100000, 0x00000000f6a00000, 0x0000000100000000)
  eden space 61440K, 0% used [0x00000000ec100000,0x00000000ec100000,0x00000000efd00000)
  from space 2560K, 99% used [0x00000000efd00000,0x00000000eff7eff8,0x00000000eff80000)
  to   space 25088K, 0% used [0x00000000f5180000,0x00000000f5180000,0x00000000f6a00000)
 ParOldGen       total 40960K, used 38342K [0x00000000c4200000, 0x00000000c6a00000, 0x00000000ec100000)
  object space 40960K, 93% used [0x00000000c4200000,0x00000000c67719c8,0x00000000c6a00000)
 Metaspace       used 10435K, capacity 10530K, committed 10752K, reserved 1058816K
  class space    used 1184K, capacity 1201K, committed 1280K, reserved 1048576K
}
Event: 3.979 GC heap before
{Heap before GC invocations=6 (full 1):
 PSYoungGen      total 64000K, used 2555K [0x00000000ec100000, 0x00000000f6a00000, 0x0000000100000000)
  eden space 61440K, 0% used [0x00000000ec100000,0x00000000ec100000,0x00000000efd00000)
  from space 2560K, 99% used [0x00000000efd00000,0x00000000eff7eff8,0x00000000eff80000)
  to   space 25088K, 0% used [0x00000000f5180000,0x00000000f5180000,0x00000000f6a00000)
 ParOldGen       total 40960K, used 38342K [0x00000000c4200000, 0x00000000c6a00000, 0x00000000ec100000)
  object space 40960K, 93% used [0x00000000c4200000,0x00000000c67719c8,0x00000000c6a00000)
 Metaspace       used 10435K, capacity 10530K, committed 10752K, reserved 1058816K
  class space    used 1184K, capacity 1201K, committed 1280K, reserved 1048576K
Event: 4.118 GC heap after
Heap after GC invocations=6 (full 1):
 PSYoungGen      total 64000K, used 0K [0x00000000ec100000, 0x00000000f6a00000, 0x0000000100000000)
  eden space 61440K, 0% used [0x00000000ec100000,0x00000000ec100000,0x00000000efd00000)
  from space 2560K, 0% used [0x00000000efd00000,0x00000000efd00000,0x00000000eff80000)
  to   space 25088K, 0% used [0x00000000f5180000,0x00000000f5180000,0x00000000f6a00000)
 ParOldGen       total 81920K, used 38222K [0x00000000c4200000, 0x00000000c9200000, 0x00000000ec100000)
  object space 81920K, 46% used [0x00000000c4200000,0x00000000c6753aa8,0x00000000c9200000)
 Metaspace       used 10435K, capacity 10530K, committed 10752K, reserved 1058816K
  class space    used 1184K, capacity 1201K, committed 1280K, reserved 1048576K
}
Event: 4.796 GC heap before
{Heap before GC invocations=7 (full 1):
 PSYoungGen      total 64000K, used 61440K [0x00000000ec100000, 0x00000000f6a00000, 0x0000000100000000)
  eden space 61440K, 100% used [0x00000000ec100000,0x00000000efd00000,0x00000000efd00000)
  from space 2560K, 0% used [0x00000000efd00000,0x00000000efd00000,0x00000000eff80000)
  to   space 25088K, 0% used [0x00000000f5180000,0x00000000f5180000,0x00000000f6a00000)
 ParOldGen       total 81920K, used 38222K [0x00000000c4200000, 0x00000000c9200000, 0x00000000ec100000)
  object space 81920K, 46% used [0x00000000c4200000,0x00000000c6753aa8,0x00000000c9200000)
 Metaspace       used 11031K, capacity 11150K, committed 11392K, reserved 1058816K
  class space    used 1244K, capacity 1299K, committed 1408K, reserved 1048576K
Event: 4.830 GC heap after
Heap after GC invocations=7 (full 1):
 PSYoungGen      total 112128K, used 15338K [0x00000000ec100000, 0x00000000f6080000, 0x0000000100000000)
  eden space 96768K, 0% used [0x00000000ec100000,0x00000000ec100000,0x00000000f1f80000)
  from space 15360K, 99% used [0x00000000f5180000,0x00000000f607aba0,0x00000000f6080000)
  to   space 25600K, 0% used [0x00000000f2e80000,0x00000000f2e80000,0x00000000f4780000)
 ParOldGen       total 81920K, used 38222K [0x00000000c4200000, 0x00000000c9200000, 0x00000000ec100000)
  object space 81920K, 46% used [0x00000000c4200000,0x00000000c6753aa8,0x00000000c9200000)
 Metaspace       used 11031K, capacity 11150K, committed 11392K, reserved 1058816K
  class space    used 1244K, capacity 1299K, committed 1408K, reserved 1048576K
}
Event: 13.193 GC heap before
{Heap before GC invocations=8 (full 1):
 PSYoungGen      total 112128K, used 112106K [0x00000000ec100000, 0x00000000f6080000, 0x0000000100000000)
  eden space 96768K, 100% used [0x00000000ec100000,0x00000000f1f80000,0x00000000f1f80000)
  from space 15360K, 99% used [0x00000000f5180000,0x00000000f607aba0,0x00000000f6080000)
  to   space 25600K, 0% used [0x00000000f2e80000,0x00000000f2e80000,0x00000000f4780000)
 ParOldGen       total 81920K, used 38222K [0x00000000c4200000, 0x00000000c9200000, 0x00000000ec100000)
  object space 81920K, 46% used [0x00000000c4200000,0x00000000c6753aa8,0x00000000c9200000)
 Metaspace       used 13755K, capacity 13852K, committed 14080K, reserved 1062912K
  class space    used 1446K, capacity 1466K, committed 1536K, reserved 1048576K
Event: 13.485 GC heap after
Heap after GC invocations=8 (full 1):
 PSYoungGen      total 137728K, used 25574K [0x00000000ec100000, 0x00000000f9480000, 0x0000000100000000)
  eden space 112128K, 0% used [0x00000000ec100000,0x00000000ec100000,0x00000000f2e80000)
  from space 25600K, 99% used [0x00000000f2e80000,0x00000000f4779bc8,0x00000000f4780000)
  to   space 33280K, 0% used [0x00000000f7400000,0x00000000f7400000,0x00000000f9480000)
 ParOldGen       total 81920K, used 42278K [0x00000000c4200000, 0x00000000c9200000, 0x00000000ec100000)
  object space 81920K, 51% used [0x00000000c4200000,0x00000000c6b49aa8,0x00000000c9200000)
 Metaspace       used 13755K, capacity 13852K, committed 14080K, reserved 1062912K
  class space    used 1446K, capacity 1466K, committed 1536K, reserved 1048576K
}
Event: 16.300 GC heap before
{Heap before GC invocations=9 (full 1):
 PSYoungGen      total 137728K, used 137702K [0x00000000ec100000, 0x00000000f9480000, 0x0000000100000000)
  eden space 112128K, 100% used [0x00000000ec100000,0x00000000f2e80000,0x00000000f2e80000)
  from space 25600K, 99% used [0x00000000f2e80000,0x00000000f4779bc8,0x00000000f4780000)
  to   space 33280K, 0% used [0x00000000f7400000,0x00000000f7400000,0x00000000f9480000)
 ParOldGen       total 81920K, used 42278K [0x00000000c4200000, 0x00000000c9200000, 0x00000000ec100000)
  object space 81920K, 51% used [0x00000000c4200000,0x00000000c6b49aa8,0x00000000c9200000)
 Metaspace       used 13936K, capacity 14044K, committed 14336K, reserved 1062912K
  class space    used 1446K, capacity 1466K, committed 1536K, reserved 1048576K
Event: 16.378 GC heap after
Heap after GC invocations=9 (full 1):
 PSYoungGen      total 177152K, used 32946K [0x00000000ec100000, 0x00000000fb500000, 0x0000000100000000)
  eden space 143872K, 0% used [0x00000000ec100000,0x00000000ec100000,0x00000000f4d80000)
  from space 33280K, 98% used [0x00000000f7400000,0x00000000f942c9c0,0x00000000f9480000)
  to   space 39424K, 0% used [0x00000000f4d80000,0x00000000f4d80000,0x00000000f7400000)
 ParOldGen       total 81920K, used 42278K [0x00000000c4200000, 0x00000000c9200000, 0x00000000ec100000)
  object space 81920K, 51% used [0x00000000c4200000,0x00000000c6b49aa8,0x00000000c9200000)
 Metaspace       used 13936K, capacity 14044K, committed 14336K, reserved 1062912K
  class space    used 1446K, capacity 1466K, committed 1536K, reserved 1048576K
}
Event: 21.891 GC heap before
{Heap before GC invocations=10 (full 1):
 PSYoungGen      total 177152K, used 176818K [0x00000000ec100000, 0x00000000fb500000, 0x0000000100000000)
  eden space 143872K, 100% used [0x00000000ec100000,0x00000000f4d80000,0x00000000f4d80000)
  from space 33280K, 98% used [0x00000000f7400000,0x00000000f942c9c0,0x00000000f9480000)
  to   space 39424K, 0% used [0x00000000f4d80000,0x00000000f4d80000,0x00000000f7400000)
 ParOldGen       total 81920K, used 42278K [0x00000000c4200000, 0x00000000c9200000, 0x00000000ec100000)
  object space 81920K, 51% used [0x00000000c4200000,0x00000000c6b49aa8,0x00000000c9200000)
 Metaspace       used 13959K, capacity 14044K, committed 14336K, reserved 1062912K
  class space    used 1447K, capacity 1466K, committed 1536K, reserved 1048576K

